<?xml version="1.0" encoding="UTF-8"?>
<testsuite xmlns:xsi="http://www.w3.org/2001/XMLSchema-instance" xsi:noNamespaceSchemaLocation="https://maven.apache.org/surefire/maven-surefire-plugin/xsd/surefire-test-report.xsd" name="com.softserveinc.edu.oms.persistence.dao.CustomerTypeDaoTest" time="0.286" tests="11" errors="0" skipped="0" failures="0">
  <properties>
    <property name="awt.toolkit" value="sun.awt.X11.XToolkit"/>
    <property name="file.encoding.pkg" value="sun.io"/>
    <property name="java.specification.version" value="1.8"/>
    <property name="sun.cpu.isalist" value=""/>
    <property name="sun.jnu.encoding" value="UTF-8"/>
    <property name="java.class.path" value="/root/3oms/lv590/target/test-classes:/root/3oms/lv590/target/classes:/root/.m2/repository/org/springframework/spring-context/3.0.5.RELEASE/spring-context-3.0.5.RELEASE.jar:/root/.m2/repository/org/springframework/spring-aop/3.0.5.RELEASE/spring-aop-3.0.5.RELEASE.jar:/root/.m2/repository/aopalliance/aopalliance/1.0/aopalliance-1.0.jar:/root/.m2/repository/org/springframework/spring-beans/3.0.5.RELEASE/spring-beans-3.0.5.RELEASE.jar:/root/.m2/repository/org/springframework/spring-core/3.0.5.RELEASE/spring-core-3.0.5.RELEASE.jar:/root/.m2/repository/org/springframework/spring-expression/3.0.5.RELEASE/spring-expression-3.0.5.RELEASE.jar:/root/.m2/repository/org/springframework/spring-asm/3.0.5.RELEASE/spring-asm-3.0.5.RELEASE.jar:/root/.m2/repository/org/springframework/spring-webmvc/3.0.5.RELEASE/spring-webmvc-3.0.5.RELEASE.jar:/root/.m2/repository/org/springframework/spring-context-support/3.0.5.RELEASE/spring-context-support-3.0.5.RELEASE.jar:/root/.m2/repository/org/springframework/spring-web/3.0.5.RELEASE/spring-web-3.0.5.RELEASE.jar:/root/.m2/repository/org/springframework/roo/org.springframework.roo.annotations/1.3.0.RELEASE/org.springframework.roo.annotations-1.3.0.RELEASE.jar:/root/.m2/repository/org/apache/commons/commons-lang3/3.1/commons-lang3-3.1.jar:/root/.m2/repository/commons-io/commons-io/2.4/commons-io-2.4.jar:/root/.m2/repository/commons-codec/commons-codec/1.8/commons-codec-1.8.jar:/root/.m2/repository/org/aspectj/aspectjrt/1.6.9/aspectjrt-1.6.9.jar:/root/.m2/repository/org/slf4j/slf4j-api/1.5.10/slf4j-api-1.5.10.jar:/root/.m2/repository/org/slf4j/jcl-over-slf4j/1.5.10/jcl-over-slf4j-1.5.10.jar:/root/.m2/repository/org/slf4j/slf4j-log4j12/1.5.10/slf4j-log4j12-1.5.10.jar:/root/.m2/repository/log4j/log4j/1.2.15/log4j-1.2.15.jar:/root/.m2/repository/javax/inject/javax.inject/1/javax.inject-1.jar:/root/.m2/repository/javax/servlet/jstl/1.2/jstl-1.2.jar:/root/.m2/repository/junit/junit/4.12/junit-4.12.jar:/root/.m2/repository/org/hamcrest/hamcrest-core/1.3/hamcrest-core-1.3.jar:/root/.m2/repository/org/hibernate/hibernate-core/3.6.5.Final/hibernate-core-3.6.5.Final.jar:/root/.m2/repository/antlr/antlr/2.7.6/antlr-2.7.6.jar:/root/.m2/repository/commons-collections/commons-collections/3.1/commons-collections-3.1.jar:/root/.m2/repository/dom4j/dom4j/1.6.1/dom4j-1.6.1.jar:/root/.m2/repository/org/hibernate/hibernate-commons-annotations/3.2.0.Final/hibernate-commons-annotations-3.2.0.Final.jar:/root/.m2/repository/org/hibernate/javax/persistence/hibernate-jpa-2.0-api/1.0.0.Final/hibernate-jpa-2.0-api-1.0.0.Final.jar:/root/.m2/repository/javax/transaction/jta/1.1/jta-1.1.jar:/root/.m2/repository/net/sourceforge/jtds/jtds/1.3.1/jtds-1.3.1.jar:/root/.m2/repository/javassist/javassist/3.12.1.GA/javassist-3.12.1.GA.jar:/root/.m2/repository/org/springframework/spring-orm/3.0.5.RELEASE/spring-orm-3.0.5.RELEASE.jar:/root/.m2/repository/org/springframework/spring-jdbc/3.0.5.RELEASE/spring-jdbc-3.0.5.RELEASE.jar:/root/.m2/repository/org/springframework/spring-tx/3.0.5.RELEASE/spring-tx-3.0.5.RELEASE.jar:/root/.m2/repository/javax/servlet/servlet-api/2.5/servlet-api-2.5.jar:/root/.m2/repository/org/springframework/spring-test/3.0.5.RELEASE/spring-test-3.0.5.RELEASE.jar:/root/.m2/repository/org/springframework/security/spring-security-core/3.0.5.RELEASE/spring-security-core-3.0.5.RELEASE.jar:/root/.m2/repository/org/aspectj/aspectjweaver/1.6.8/aspectjweaver-1.6.8.jar:/root/.m2/repository/org/springframework/security/spring-security-config/3.0.5.RELEASE/spring-security-config-3.0.5.RELEASE.jar:/root/.m2/repository/org/springframework/security/spring-security-web/3.0.5.RELEASE/spring-security-web-3.0.5.RELEASE.jar:/root/.m2/repository/cglib/cglib/2.2.2/cglib-2.2.2.jar:/root/.m2/repository/asm/asm/3.3.1/asm-3.3.1.jar:/root/.m2/repository/mysql/mysql-connector-java/8.0.20/mysql-connector-java-8.0.20.jar:/root/.m2/repository/com/google/protobuf/protobuf-java/3.6.1/protobuf-java-3.6.1.jar:/root/.m2/repository/org/hibernate/hibernate-validator/4.2.0.Final/hibernate-validator-4.2.0.Final.jar:/root/.m2/repository/javax/validation/validation-api/1.0.0.GA/validation-api-1.0.0.GA.jar:/root/.m2/repository/org/apache/tiles/tiles-jsp/2.2.2/tiles-jsp-2.2.2.jar:/root/.m2/repository/org/apache/tiles/tiles-servlet/2.2.2/tiles-servlet-2.2.2.jar:/root/.m2/repository/org/apache/tiles/tiles-core/2.2.2/tiles-core-2.2.2.jar:/root/.m2/repository/org/apache/tiles/tiles-template/2.2.2/tiles-template-2.2.2.jar:/root/.m2/repository/org/apache/tiles/tiles-api/2.2.2/tiles-api-2.2.2.jar:/root/.m2/repository/org/codehaus/jackson/jackson-mapper-asl/1.8.3/jackson-mapper-asl-1.8.3.jar:/root/.m2/repository/org/codehaus/jackson/jackson-core-asl/1.8.3/jackson-core-asl-1.8.3.jar:/root/.m2/repository/net/sf/jasperreports/jasperreports/4.0.1/jasperreports-4.0.1.jar:/root/.m2/repository/commons-beanutils/commons-beanutils/1.8.0/commons-beanutils-1.8.0.jar:/root/.m2/repository/commons-digester/commons-digester/1.7/commons-digester-1.7.jar:/root/.m2/repository/commons-logging/commons-logging/1.0.2/commons-logging-1.0.2.jar:/root/.m2/repository/com/lowagie/itext/2.1.7/itext-2.1.7.jar:/root/.m2/repository/bouncycastle/bcmail-jdk14/138/bcmail-jdk14-138.jar:/root/.m2/repository/bouncycastle/bcprov-jdk14/138/bcprov-jdk14-138.jar:/root/.m2/repository/org/bouncycastle/bctsp-jdk14/1.38/bctsp-jdk14-1.38.jar:/root/.m2/repository/org/bouncycastle/bcprov-jdk14/1.38/bcprov-jdk14-1.38.jar:/root/.m2/repository/org/bouncycastle/bcmail-jdk14/1.38/bcmail-jdk14-1.38.jar:/root/.m2/repository/jfree/jcommon/1.0.15/jcommon-1.0.15.jar:/root/.m2/repository/jfree/jfreechart/1.0.12/jfreechart-1.0.12.jar:/root/.m2/repository/xml-apis/xml-apis/1.3.02/xml-apis-1.3.02.jar:/root/.m2/repository/eclipse/jdtcore/3.1.0/jdtcore-3.1.0.jar:/root/.m2/repository/org/springframework/security/spring-security-taglibs/3.0.5.RELEASE/spring-security-taglibs-3.0.5.RELEASE.jar:/root/.m2/repository/org/springframework/security/spring-security-acl/3.0.5.RELEASE/spring-security-acl-3.0.5.RELEASE.jar:"/>
    <property name="java.vm.vendor" value="Red Hat, Inc."/>
    <property name="sun.arch.data.model" value="64"/>
    <property name="java.vendor.url" value="https://www.redhat.com/"/>
    <property name="user.timezone" value=""/>
    <property name="java.vm.specification.version" value="1.8"/>
    <property name="os.name" value="Linux"/>
    <property name="user.country" value="US"/>
    <property name="sun.java.launcher" value="SUN_STANDARD"/>
    <property name="sun.boot.library.path" value="/usr/lib/jvm/java-1.8.0-openjdk-1.8.0.292.b10-1.el7_9.x86_64/jre/lib/amd64"/>
    <property name="sun.java.command" value="/root/3oms/lv590/target/surefire/surefirebooter9142366734710078873.jar /root/3oms/lv590/target/surefire 2021-07-19T03-15-10_061-jvmRun1 surefire1737670167420033524tmp surefire_03272916839996069294tmp"/>
    <property name="surefire.test.class.path" value="/root/3oms/lv590/target/test-classes:/root/3oms/lv590/target/classes:/root/.m2/repository/org/springframework/spring-context/3.0.5.RELEASE/spring-context-3.0.5.RELEASE.jar:/root/.m2/repository/org/springframework/spring-aop/3.0.5.RELEASE/spring-aop-3.0.5.RELEASE.jar:/root/.m2/repository/aopalliance/aopalliance/1.0/aopalliance-1.0.jar:/root/.m2/repository/org/springframework/spring-beans/3.0.5.RELEASE/spring-beans-3.0.5.RELEASE.jar:/root/.m2/repository/org/springframework/spring-core/3.0.5.RELEASE/spring-core-3.0.5.RELEASE.jar:/root/.m2/repository/org/springframework/spring-expression/3.0.5.RELEASE/spring-expression-3.0.5.RELEASE.jar:/root/.m2/repository/org/springframework/spring-asm/3.0.5.RELEASE/spring-asm-3.0.5.RELEASE.jar:/root/.m2/repository/org/springframework/spring-webmvc/3.0.5.RELEASE/spring-webmvc-3.0.5.RELEASE.jar:/root/.m2/repository/org/springframework/spring-context-support/3.0.5.RELEASE/spring-context-support-3.0.5.RELEASE.jar:/root/.m2/repository/org/springframework/spring-web/3.0.5.RELEASE/spring-web-3.0.5.RELEASE.jar:/root/.m2/repository/org/springframework/roo/org.springframework.roo.annotations/1.3.0.RELEASE/org.springframework.roo.annotations-1.3.0.RELEASE.jar:/root/.m2/repository/org/apache/commons/commons-lang3/3.1/commons-lang3-3.1.jar:/root/.m2/repository/commons-io/commons-io/2.4/commons-io-2.4.jar:/root/.m2/repository/commons-codec/commons-codec/1.8/commons-codec-1.8.jar:/root/.m2/repository/org/aspectj/aspectjrt/1.6.9/aspectjrt-1.6.9.jar:/root/.m2/repository/org/slf4j/slf4j-api/1.5.10/slf4j-api-1.5.10.jar:/root/.m2/repository/org/slf4j/jcl-over-slf4j/1.5.10/jcl-over-slf4j-1.5.10.jar:/root/.m2/repository/org/slf4j/slf4j-log4j12/1.5.10/slf4j-log4j12-1.5.10.jar:/root/.m2/repository/log4j/log4j/1.2.15/log4j-1.2.15.jar:/root/.m2/repository/javax/inject/javax.inject/1/javax.inject-1.jar:/root/.m2/repository/javax/servlet/jstl/1.2/jstl-1.2.jar:/root/.m2/repository/junit/junit/4.12/junit-4.12.jar:/root/.m2/repository/org/hamcrest/hamcrest-core/1.3/hamcrest-core-1.3.jar:/root/.m2/repository/org/hibernate/hibernate-core/3.6.5.Final/hibernate-core-3.6.5.Final.jar:/root/.m2/repository/antlr/antlr/2.7.6/antlr-2.7.6.jar:/root/.m2/repository/commons-collections/commons-collections/3.1/commons-collections-3.1.jar:/root/.m2/repository/dom4j/dom4j/1.6.1/dom4j-1.6.1.jar:/root/.m2/repository/org/hibernate/hibernate-commons-annotations/3.2.0.Final/hibernate-commons-annotations-3.2.0.Final.jar:/root/.m2/repository/org/hibernate/javax/persistence/hibernate-jpa-2.0-api/1.0.0.Final/hibernate-jpa-2.0-api-1.0.0.Final.jar:/root/.m2/repository/javax/transaction/jta/1.1/jta-1.1.jar:/root/.m2/repository/net/sourceforge/jtds/jtds/1.3.1/jtds-1.3.1.jar:/root/.m2/repository/javassist/javassist/3.12.1.GA/javassist-3.12.1.GA.jar:/root/.m2/repository/org/springframework/spring-orm/3.0.5.RELEASE/spring-orm-3.0.5.RELEASE.jar:/root/.m2/repository/org/springframework/spring-jdbc/3.0.5.RELEASE/spring-jdbc-3.0.5.RELEASE.jar:/root/.m2/repository/org/springframework/spring-tx/3.0.5.RELEASE/spring-tx-3.0.5.RELEASE.jar:/root/.m2/repository/javax/servlet/servlet-api/2.5/servlet-api-2.5.jar:/root/.m2/repository/org/springframework/spring-test/3.0.5.RELEASE/spring-test-3.0.5.RELEASE.jar:/root/.m2/repository/org/springframework/security/spring-security-core/3.0.5.RELEASE/spring-security-core-3.0.5.RELEASE.jar:/root/.m2/repository/org/aspectj/aspectjweaver/1.6.8/aspectjweaver-1.6.8.jar:/root/.m2/repository/org/springframework/security/spring-security-config/3.0.5.RELEASE/spring-security-config-3.0.5.RELEASE.jar:/root/.m2/repository/org/springframework/security/spring-security-web/3.0.5.RELEASE/spring-security-web-3.0.5.RELEASE.jar:/root/.m2/repository/cglib/cglib/2.2.2/cglib-2.2.2.jar:/root/.m2/repository/asm/asm/3.3.1/asm-3.3.1.jar:/root/.m2/repository/mysql/mysql-connector-java/8.0.20/mysql-connector-java-8.0.20.jar:/root/.m2/repository/com/google/protobuf/protobuf-java/3.6.1/protobuf-java-3.6.1.jar:/root/.m2/repository/org/hibernate/hibernate-validator/4.2.0.Final/hibernate-validator-4.2.0.Final.jar:/root/.m2/repository/javax/validation/validation-api/1.0.0.GA/validation-api-1.0.0.GA.jar:/root/.m2/repository/org/apache/tiles/tiles-jsp/2.2.2/tiles-jsp-2.2.2.jar:/root/.m2/repository/org/apache/tiles/tiles-servlet/2.2.2/tiles-servlet-2.2.2.jar:/root/.m2/repository/org/apache/tiles/tiles-core/2.2.2/tiles-core-2.2.2.jar:/root/.m2/repository/org/apache/tiles/tiles-template/2.2.2/tiles-template-2.2.2.jar:/root/.m2/repository/org/apache/tiles/tiles-api/2.2.2/tiles-api-2.2.2.jar:/root/.m2/repository/org/codehaus/jackson/jackson-mapper-asl/1.8.3/jackson-mapper-asl-1.8.3.jar:/root/.m2/repository/org/codehaus/jackson/jackson-core-asl/1.8.3/jackson-core-asl-1.8.3.jar:/root/.m2/repository/net/sf/jasperreports/jasperreports/4.0.1/jasperreports-4.0.1.jar:/root/.m2/repository/commons-beanutils/commons-beanutils/1.8.0/commons-beanutils-1.8.0.jar:/root/.m2/repository/commons-digester/commons-digester/1.7/commons-digester-1.7.jar:/root/.m2/repository/commons-logging/commons-logging/1.0.2/commons-logging-1.0.2.jar:/root/.m2/repository/com/lowagie/itext/2.1.7/itext-2.1.7.jar:/root/.m2/repository/bouncycastle/bcmail-jdk14/138/bcmail-jdk14-138.jar:/root/.m2/repository/bouncycastle/bcprov-jdk14/138/bcprov-jdk14-138.jar:/root/.m2/repository/org/bouncycastle/bctsp-jdk14/1.38/bctsp-jdk14-1.38.jar:/root/.m2/repository/org/bouncycastle/bcprov-jdk14/1.38/bcprov-jdk14-1.38.jar:/root/.m2/repository/org/bouncycastle/bcmail-jdk14/1.38/bcmail-jdk14-1.38.jar:/root/.m2/repository/jfree/jcommon/1.0.15/jcommon-1.0.15.jar:/root/.m2/repository/jfree/jfreechart/1.0.12/jfreechart-1.0.12.jar:/root/.m2/repository/xml-apis/xml-apis/1.3.02/xml-apis-1.3.02.jar:/root/.m2/repository/eclipse/jdtcore/3.1.0/jdtcore-3.1.0.jar:/root/.m2/repository/org/springframework/security/spring-security-taglibs/3.0.5.RELEASE/spring-security-taglibs-3.0.5.RELEASE.jar:/root/.m2/repository/org/springframework/security/spring-security-acl/3.0.5.RELEASE/spring-security-acl-3.0.5.RELEASE.jar:"/>
    <property name="sun.cpu.endian" value="little"/>
    <property name="user.home" value="/root"/>
    <property name="user.language" value="en"/>
    <property name="java.specification.vendor" value="Oracle Corporation"/>
    <property name="java.home" value="/usr/lib/jvm/java-1.8.0-openjdk-1.8.0.292.b10-1.el7_9.x86_64/jre"/>
    <property name="basedir" value="/root/3oms/lv590"/>
    <property name="file.separator" value="/"/>
    <property name="line.separator" value="&#10;"/>
    <property name="java.vm.specification.vendor" value="Oracle Corporation"/>
    <property name="java.specification.name" value="Java Platform API Specification"/>
    <property name="java.awt.graphicsenv" value="sun.awt.X11GraphicsEnvironment"/>
    <property name="surefire.real.class.path" value="/root/3oms/lv590/target/surefire/surefirebooter9142366734710078873.jar"/>
    <property name="sun.boot.class.path" value="/usr/lib/jvm/java-1.8.0-openjdk-1.8.0.292.b10-1.el7_9.x86_64/jre/lib/resources.jar:/usr/lib/jvm/java-1.8.0-openjdk-1.8.0.292.b10-1.el7_9.x86_64/jre/lib/rt.jar:/usr/lib/jvm/java-1.8.0-openjdk-1.8.0.292.b10-1.el7_9.x86_64/jre/lib/sunrsasign.jar:/usr/lib/jvm/java-1.8.0-openjdk-1.8.0.292.b10-1.el7_9.x86_64/jre/lib/jsse.jar:/usr/lib/jvm/java-1.8.0-openjdk-1.8.0.292.b10-1.el7_9.x86_64/jre/lib/jce.jar:/usr/lib/jvm/java-1.8.0-openjdk-1.8.0.292.b10-1.el7_9.x86_64/jre/lib/charsets.jar:/usr/lib/jvm/java-1.8.0-openjdk-1.8.0.292.b10-1.el7_9.x86_64/jre/lib/jfr.jar:/usr/lib/jvm/java-1.8.0-openjdk-1.8.0.292.b10-1.el7_9.x86_64/jre/classes"/>
    <property name="sun.management.compiler" value="HotSpot 64-Bit Tiered Compilers"/>
    <property name="java.runtime.version" value="1.8.0_292-b10"/>
    <property name="user.name" value="root"/>
    <property name="path.separator" value=":"/>
    <property name="os.version" value="3.10.0-1160.31.1.el7.x86_64"/>
    <property name="java.endorsed.dirs" value="/usr/lib/jvm/java-1.8.0-openjdk-1.8.0.292.b10-1.el7_9.x86_64/jre/lib/endorsed"/>
    <property name="java.runtime.name" value="OpenJDK Runtime Environment"/>
    <property name="file.encoding" value="UTF-8"/>
    <property name="java.vm.name" value="OpenJDK 64-Bit Server VM"/>
    <property name="localRepository" value="/root/.m2/repository"/>
    <property name="java.vendor.url.bug" value="https://bugzilla.redhat.com/enter_bug.cgi?product=Red%20Hat%20Enterprise%20Linux%207&amp;component=java-1.8.0-openjdk"/>
    <property name="java.io.tmpdir" value="/tmp"/>
    <property name="java.version" value="1.8.0_292"/>
    <property name="user.dir" value="/root/3oms/lv590"/>
    <property name="os.arch" value="amd64"/>
    <property name="java.vm.specification.name" value="Java Virtual Machine Specification"/>
    <property name="java.awt.printerjob" value="sun.print.PSPrinterJob"/>
    <property name="sun.os.patch.level" value="unknown"/>
    <property name="java.library.path" value="/usr/java/packages/lib/amd64:/usr/lib64:/lib64:/lib:/usr/lib"/>
    <property name="java.vm.info" value="mixed mode"/>
    <property name="java.vendor" value="Red Hat, Inc."/>
    <property name="java.vm.version" value="25.292-b10"/>
    <property name="java.ext.dirs" value="/usr/lib/jvm/java-1.8.0-openjdk-1.8.0.292.b10-1.el7_9.x86_64/jre/lib/ext:/usr/java/packages/lib/ext"/>
    <property name="sun.io.unicode.encoding" value="UnicodeLittle"/>
    <property name="java.class.version" value="52.0"/>
  </properties>
  <testcase name="testFindAll" classname="com.softserveinc.edu.oms.persistence.dao.CustomerTypeDaoTest" time="0.038"/>
  <testcase name="testGetSilverTypeDiscount" classname="com.softserveinc.edu.oms.persistence.dao.CustomerTypeDaoTest" time="0.036"/>
  <testcase name="testGetGoldTypeDiscount" classname="com.softserveinc.edu.oms.persistence.dao.CustomerTypeDaoTest" time="0.023"/>
  <testcase name="testFindByID" classname="com.softserveinc.edu.oms.persistence.dao.CustomerTypeDaoTest" time="0.027"/>
  <testcase name="testGetPlatinumTypeDiscount" classname="com.softserveinc.edu.oms.persistence.dao.CustomerTypeDaoTest" time="0.024"/>
  <testcase name="testInsertOrUpdate" classname="com.softserveinc.edu.oms.persistence.dao.CustomerTypeDaoTest" time="0.022"/>
  <testcase name="testGetStandartTypeDiscount" classname="com.softserveinc.edu.oms.persistence.dao.CustomerTypeDaoTest" time="0.022"/>
  <testcase name="testDelete" classname="com.softserveinc.edu.oms.persistence.dao.CustomerTypeDaoTest" time="0.033"/>
  <testcase name="testFindByCriterions" classname="com.softserveinc.edu.oms.persistence.dao.CustomerTypeDaoTest" time="0.018"/>
  <testcase name="testFindByOneOfCriterions" classname="com.softserveinc.edu.oms.persistence.dao.CustomerTypeDaoTest" time="0.025"/>
  <testcase name="testContextFile" classname="com.softserveinc.edu.oms.persistence.dao.CustomerTypeDaoTest" time="0.016"/>
</testsuite>